<?xml version="1.0" encoding="UTF-8"?>
<!-- Generated by org.testng.reporters.JUnitXMLReporter -->
<testsuite ignored="4" hostname="LAPTOP-3UV6SH1O" failures="1" tests="2" name="Test" time="72.248" errors="0" timestamp="2022-10-10T13:36:14 IST">
  <testcase classname="org.crm.Organization.CreateOrganizationTest" name="createOrganizationTest" time="30.164">
    <failure type="java.lang.AssertionError" message="The following asserts failed:
	TYSS205 expected [false] but found [true]">
      <![CDATA[java.lang.AssertionError: The following asserts failed:
TYSS205 expected [false] but found [true]
at org.crm.Organization.CreateOrganizationTest.createOrganizationTest(CreateOrganizationTest.java:47)
at java.base/java.util.ArrayList.forEach(ArrayList.java:1511)
... Removed 29 stack frames]]>
    </failure>
  </testcase> <!-- createOrganizationTest -->
  <testcase classname="org.crm.Products.CreateProductTest" name="createProductTest" time="29.753"/>
  <testcase classname="com.crm.Generic_Utilities.BaseClass" name="@BeforeTest BT" time="0.0">
    <ignored/>
  </testcase> <!-- @BeforeTest BT -->
  <testcase classname="com.crm.Generic_Utilities.BaseClass" name="@AfterSuite AS" time="0.0">
    <ignored/>
  </testcase> <!-- @AfterSuite AS -->
  <testcase classname="com.crm.Generic_Utilities.BaseClass" name="@BeforeSuite BS" time="0.0">
    <ignored/>
  </testcase> <!-- @BeforeSuite BS -->
  <testcase classname="com.crm.Generic_Utilities.BaseClass" name="@AfterTest AT" time="0.0">
    <ignored/>
  </testcase> <!-- @AfterTest AT -->
</testsuite> <!-- Test -->
