<?xml version="1.0" encoding="UTF-8"?>
<!-- Generated by org.testng.reporters.JUnitReportReporter -->
<testsuite hostname="LAPTOP-3UV6SH1O" failures="0" tests="1" name="org.crm.Campaigns.CreateCampaignWithDataProvider" time="28.429" errors="0" timestamp="2022-10-14T11:26:02 IST" skipped="0">
  <testcase classname="org.crm.Campaigns.CreateCampaignWithDataProvider" name="createCampaignWithDataProvider" time="28.429"/>
  <system-out/>
</testsuite> <!-- org.crm.Campaigns.CreateCampaignWithDataProvider -->
