<?xml version="1.0" encoding="UTF-8"?>
<!-- Generated by org.testng.reporters.JUnitReportReporter -->
<testsuite hostname="LAPTOP-3UV6SH1O" failures="0" tests="5" name="practice.DataProviderTest" time="0.010" errors="0" timestamp="2022-10-12T11:10:25 IST" skipped="0">
  <testcase classname="practice.DataProviderTest" name="bookTicket" time="0.001"/>
  <system-out/>
  <testcase classname="practice.DataProviderTest" name="bookTicket" time="0.001"/>
  <system-out/>
  <testcase classname="practice.DataProviderTest" name="bookTicket" time="0.006"/>
  <system-out/>
  <testcase classname="practice.DataProviderTest" name="bookTicket" time="0.001"/>
  <system-out/>
  <testcase classname="practice.DataProviderTest" name="bookTicket" time="0.001"/>
  <system-out/>
</testsuite> <!-- practice.DataProviderTest -->
