<?xml version="1.0" encoding="UTF-8"?>
<!-- Generated by org.testng.reporters.JUnitReportReporter -->
<testsuite hostname="LAPTOP-3UV6SH1O" failures="0" tests="1" name="Task.Redmi" time="31.665" errors="1" timestamp="2022-12-15T17:27:25 IST" skipped="0">
  <testcase classname="Task.Redmi" name="Android" time="31.665">
    <error message="An unknown server-side error occurred while processing the command. Original error: &#039;POST /element&#039; cannot be proxied to UiAutomator2 server because the instrumentation process is not running (probably crashed). Check the server log and/or the logcat output for more details (WARNING: The server did not provide any stacktrace information)
Command duration or timeout: 19 milliseconds
Build info: version: &#039;2.53.1&#039;, revision: &#039;a36b8b1cd5757287168e54b817830adce9b0158d&#039;, time: &#039;2016-06-30 19:26:09&#039;
System info: host: &#039;LAPTOP-3UV6SH1O&#039;, ip: &#039;192.168.63.1&#039;, os.name: &#039;Windows 10&#039;, os.arch: &#039;amd64&#039;, os.version: &#039;10.0&#039;, java.version: &#039;16.0.1&#039;
Driver info: io.appium.java_client.android.AndroidDriver
Capabilities [{appPackage=io.appium.android.apis, statBarHeight=50, noReset=true, viewportRect={top=50, left=0, width=720, height=1230}, deviceName=89d3da547d04, platform=LINUX, deviceUDID=89d3da547d04, desired={appPackage=io.appium.android.apis, appActivity=.ApiDemos, noReset=true, platformVersion=7.1.2, automationName=Appium, platformName=Android, udid=89d3da547d04, deviceName=Redmi}, platformVersion=7.1.2, webStorageEnabled=false, automationName=Appium, takesScreenshot=true, javascriptEnabled=true, platformName=Android, udid=89d3da547d04, deviceApiLevel=25, deviceManufacturer=Xiaomi, deviceScreenSize=720x1280, networkConnectionEnabled=true, warnings={}, databaseEnabled=false, appActivity=.ApiDemos, pixelRatio=2, locationContextEnabled=false, deviceScreenDensity=320, deviceModel=Redmi 4A}]
Session ID: 55ff6fe1-969b-4b4c-b579-808fc71e1257
*** Element info: {Using=id, value=io.appium.android.apis:id/notify_app}" type="org.openqa.selenium.WebDriverException">
      <![CDATA[org.openqa.selenium.WebDriverException: An unknown server-side error occurred while processing the command. Original error: 'POST /element' cannot be proxied to UiAutomator2 server because the instrumentation process is not running (probably crashed). Check the server log and/or the logcat output for more details (WARNING: The server did not provide any stacktrace information)
Command duration or timeout: 19 milliseconds
Build info: version: '2.53.1', revision: 'a36b8b1cd5757287168e54b817830adce9b0158d', time: '2016-06-30 19:26:09'
System info: host: 'LAPTOP-3UV6SH1O', ip: '192.168.63.1', os.name: 'Windows 10', os.arch: 'amd64', os.version: '10.0', java.version: '16.0.1'
Driver info: io.appium.java_client.android.AndroidDriver
Capabilities [{appPackage=io.appium.android.apis, statBarHeight=50, noReset=true, viewportRect={top=50, left=0, width=720, height=1230}, deviceName=89d3da547d04, platform=LINUX, deviceUDID=89d3da547d04, desired={appPackage=io.appium.android.apis, appActivity=.ApiDemos, noReset=true, platformVersion=7.1.2, automationName=Appium, platformName=Android, udid=89d3da547d04, deviceName=Redmi}, platformVersion=7.1.2, webStorageEnabled=false, automationName=Appium, takesScreenshot=true, javascriptEnabled=true, platformName=Android, udid=89d3da547d04, deviceApiLevel=25, deviceManufacturer=Xiaomi, deviceScreenSize=720x1280, networkConnectionEnabled=true, warnings={}, databaseEnabled=false, appActivity=.ApiDemos, pixelRatio=2, locationContextEnabled=false, deviceScreenDensity=320, deviceModel=Redmi 4A}]
Session ID: 55ff6fe1-969b-4b4c-b579-808fc71e1257
*** Element info: {Using=id, value=io.appium.android.apis:id/notify_app}
at java.base/jdk.internal.reflect.NativeConstructorAccessorImpl.newInstance0(Native Method)
at java.base/jdk.internal.reflect.NativeConstructorAccessorImpl.newInstance(NativeConstructorAccessorImpl.java:78)
at java.base/jdk.internal.reflect.DelegatingConstructorAccessorImpl.newInstance(DelegatingConstructorAccessorImpl.java:45)
at java.base/java.lang.reflect.Constructor.newInstanceWithCaller(Constructor.java:499)
at java.base/java.lang.reflect.Constructor.newInstance(Constructor.java:480)
at org.openqa.selenium.remote.ErrorHandler.createThrowable(ErrorHandler.java:206)
at org.openqa.selenium.remote.ErrorHandler.throwIfResponseFailed(ErrorHandler.java:158)
at org.openqa.selenium.remote.RemoteWebDriver.execute(RemoteWebDriver.java:678)
at io.appium.java_client.DefaultGenericMobileDriver.execute(DefaultGenericMobileDriver.java:40)
at io.appium.java_client.AppiumDriver.execute(AppiumDriver.java:1)
at io.appium.java_client.android.AndroidDriver.execute(AndroidDriver.java:1)
at org.openqa.selenium.remote.RemoteWebDriver.findElement(RemoteWebDriver.java:363)
at io.appium.java_client.DefaultGenericMobileDriver.findElement(DefaultGenericMobileDriver.java:56)
at io.appium.java_client.AppiumDriver.findElement(AppiumDriver.java:1)
at io.appium.java_client.android.AndroidDriver.findElement(AndroidDriver.java:1)
at org.openqa.selenium.remote.RemoteWebDriver.findElementById(RemoteWebDriver.java:413)
at io.appium.java_client.DefaultGenericMobileDriver.findElementById(DefaultGenericMobileDriver.java:64)
at io.appium.java_client.AppiumDriver.findElementById(AppiumDriver.java:1)
at io.appium.java_client.android.AndroidDriver.findElementById(AndroidDriver.java:1)
at Task.Redmi.Android(Redmi.java:50)
at java.base/jdk.internal.reflect.NativeMethodAccessorImpl.invoke0(Native Method)
at java.base/jdk.internal.reflect.NativeMethodAccessorImpl.invoke(NativeMethodAccessorImpl.java:78)
at java.base/jdk.internal.reflect.DelegatingMethodAccessorImpl.invoke(DelegatingMethodAccessorImpl.java:43)
at java.base/java.lang.reflect.Method.invoke(Method.java:567)
at org.testng.internal.MethodInvocationHelper.invokeMethod(MethodInvocationHelper.java:133)
at org.testng.internal.TestInvoker.invokeMethod(TestInvoker.java:598)
at org.testng.internal.TestInvoker.invokeTestMethod(TestInvoker.java:173)
at org.testng.internal.MethodRunner.runInSequence(MethodRunner.java:46)
at org.testng.internal.TestInvoker$MethodInvocationAgent.invoke(TestInvoker.java:824)
at org.testng.internal.TestInvoker.invokeTestMethods(TestInvoker.java:146)
at org.testng.internal.TestMethodWorker.invokeTestMethods(TestMethodWorker.java:146)
at org.testng.internal.TestMethodWorker.run(TestMethodWorker.java:128)
at java.base/java.util.ArrayList.forEach(ArrayList.java:1511)
at org.testng.TestRunner.privateRun(TestRunner.java:794)
at org.testng.TestRunner.run(TestRunner.java:596)
at org.testng.SuiteRunner.runTest(SuiteRunner.java:377)
at org.testng.SuiteRunner.runSequentially(SuiteRunner.java:371)
at org.testng.SuiteRunner.privateRun(SuiteRunner.java:332)
at org.testng.SuiteRunner.run(SuiteRunner.java:276)
at org.testng.SuiteRunnerWorker.runSuite(SuiteRunnerWorker.java:53)
at org.testng.SuiteRunnerWorker.run(SuiteRunnerWorker.java:96)
at org.testng.TestNG.runSuitesSequentially(TestNG.java:1212)
at org.testng.TestNG.runSuitesLocally(TestNG.java:1134)
at org.testng.TestNG.runSuites(TestNG.java:1063)
at org.testng.TestNG.run(TestNG.java:1031)
at org.testng.remote.AbstractRemoteTestNG.run(AbstractRemoteTestNG.java:115)
at org.testng.remote.RemoteTestNG.initAndRun(RemoteTestNG.java:251)
at org.testng.remote.RemoteTestNG.main(RemoteTestNG.java:77)
]]>
    </error>
  </testcase> <!-- Android -->
  <system-out/>
</testsuite> <!-- Task.Redmi -->
