<?xml version="1.0" encoding="UTF-8"?>
<!-- Generated by org.testng.reporters.JUnitReportReporter -->
<testsuite hostname="LAPTOP-3UV6SH1O" failures="0" tests="1" name="driverMethods.InstallGeneralStoreApp" time="38.448" errors="1" timestamp="2022-11-22T11:39:39 IST" skipped="0">
  <testcase classname="driverMethods.InstallGeneralStoreApp" name="installapp" time="38.448">
    <error message="An unknown server-side error occurred while processing the command. Original error: Error executing adbExec. Original error: &#039;Command &#039;C:\\Users\\pavan\\AppData\\Local\\Android\\Sdk\\platform-tools\\adb.exe -P 5037 -s 89d3da547d04 install -r &#039;C:\\Users\\pavan\\Downloads\\APK Files\\Touch Screen Test_v1.7.14_apkpure.com.apk&#039;&#039; exited with code 1&#039;; Command output: adb: failed to install C:\Users\pavan\Downloads\APK Files\Touch Screen Test_v1.7.14_apkpure.com.apk: Failure [INSTALL_FAILED_USER_RESTRICTED: Install canceled by user]

Build info: version: &#039;3.141.59&#039;, revision: &#039;e82be7d358&#039;, time: &#039;2018-11-14T08:17:03&#039;
System info: host: &#039;LAPTOP-3UV6SH1O&#039;, ip: &#039;192.168.63.1&#039;, os.name: &#039;Windows 10&#039;, os.arch: &#039;amd64&#039;, os.version: &#039;10.0&#039;, java.version: &#039;16.0.1&#039;
Driver info: io.appium.java_client.android.AndroidDriver
Capabilities {app: C:\Users\pavan\Downloads\AP..., appPackage: com.androidsample.generalstore, automationName: Appium, databaseEnabled: false, desired: {app: C:\Users\pavan\Downloads\AP..., automationName: Appium, deviceName: Redmi 4a, platformName: android, platformVersion: 7.1.2, udid: 89d3da547d04}, deviceApiLevel: 25, deviceManufacturer: Xiaomi, deviceModel: Redmi 4A, deviceName: 89d3da547d04, deviceScreenDensity: 320, deviceScreenSize: 720x1280, deviceUDID: 89d3da547d04, javascriptEnabled: true, locationContextEnabled: false, networkConnectionEnabled: true, pixelRatio: 2, platform: LINUX, platformName: Android, platformVersion: 7.1.2, statBarHeight: 50, takesScreenshot: true, udid: 89d3da547d04, viewportRect: {height: 1230, left: 0, top: 50, width: 720}, warnings: {}, webStorageEnabled: false}
Session ID: 2976dd94-e8ef-43fe-8bf1-a3b122c195d0" type="org.openqa.selenium.WebDriverException">
      <![CDATA[org.openqa.selenium.WebDriverException: An unknown server-side error occurred while processing the command. Original error: Error executing adbExec. Original error: 'Command 'C:\\Users\\pavan\\AppData\\Local\\Android\\Sdk\\platform-tools\\adb.exe -P 5037 -s 89d3da547d04 install -r 'C:\\Users\\pavan\\Downloads\\APK Files\\Touch Screen Test_v1.7.14_apkpure.com.apk'' exited with code 1'; Command output: adb: failed to install C:\Users\pavan\Downloads\APK Files\Touch Screen Test_v1.7.14_apkpure.com.apk: Failure [INSTALL_FAILED_USER_RESTRICTED: Install canceled by user]

Build info: version: '3.141.59', revision: 'e82be7d358', time: '2018-11-14T08:17:03'
System info: host: 'LAPTOP-3UV6SH1O', ip: '192.168.63.1', os.name: 'Windows 10', os.arch: 'amd64', os.version: '10.0', java.version: '16.0.1'
Driver info: io.appium.java_client.android.AndroidDriver
Capabilities {app: C:\Users\pavan\Downloads\AP..., appPackage: com.androidsample.generalstore, automationName: Appium, databaseEnabled: false, desired: {app: C:\Users\pavan\Downloads\AP..., automationName: Appium, deviceName: Redmi 4a, platformName: android, platformVersion: 7.1.2, udid: 89d3da547d04}, deviceApiLevel: 25, deviceManufacturer: Xiaomi, deviceModel: Redmi 4A, deviceName: 89d3da547d04, deviceScreenDensity: 320, deviceScreenSize: 720x1280, deviceUDID: 89d3da547d04, javascriptEnabled: true, locationContextEnabled: false, networkConnectionEnabled: true, pixelRatio: 2, platform: LINUX, platformName: Android, platformVersion: 7.1.2, statBarHeight: 50, takesScreenshot: true, udid: 89d3da547d04, viewportRect: {height: 1230, left: 0, top: 50, width: 720}, warnings: {}, webStorageEnabled: false}
Session ID: 2976dd94-e8ef-43fe-8bf1-a3b122c195d0
at java.base/jdk.internal.reflect.NativeConstructorAccessorImpl.newInstance0(Native Method)
at java.base/jdk.internal.reflect.NativeConstructorAccessorImpl.newInstance(NativeConstructorAccessorImpl.java:78)
at java.base/jdk.internal.reflect.DelegatingConstructorAccessorImpl.newInstance(DelegatingConstructorAccessorImpl.java:45)
at java.base/java.lang.reflect.Constructor.newInstanceWithCaller(Constructor.java:499)
at java.base/java.lang.reflect.Constructor.newInstance(Constructor.java:480)
at org.openqa.selenium.remote.http.W3CHttpResponseCodec.createException(W3CHttpResponseCodec.java:187)
at org.openqa.selenium.remote.http.W3CHttpResponseCodec.decode(W3CHttpResponseCodec.java:122)
at org.openqa.selenium.remote.http.W3CHttpResponseCodec.decode(W3CHttpResponseCodec.java:49)
at org.openqa.selenium.remote.HttpCommandExecutor.execute(HttpCommandExecutor.java:158)
at io.appium.java_client.remote.AppiumCommandExecutor.execute(AppiumCommandExecutor.java:239)
at org.openqa.selenium.remote.RemoteWebDriver.execute(RemoteWebDriver.java:552)
at io.appium.java_client.DefaultGenericMobileDriver.execute(DefaultGenericMobileDriver.java:41)
at io.appium.java_client.AppiumDriver.execute(AppiumDriver.java:1)
at io.appium.java_client.android.AndroidDriver.execute(AndroidDriver.java:1)
at io.appium.java_client.CommandExecutionHelper.execute(CommandExecutionHelper.java:27)
at io.appium.java_client.InteractsWithApps.installApp(InteractsWithApps.java:74)
at io.appium.java_client.InteractsWithApps.installApp(InteractsWithApps.java:59)
at driverMethods.InstallGeneralStoreApp.installapp(InstallGeneralStoreApp.java:33)
at java.base/jdk.internal.reflect.NativeMethodAccessorImpl.invoke0(Native Method)
at java.base/jdk.internal.reflect.NativeMethodAccessorImpl.invoke(NativeMethodAccessorImpl.java:78)
at java.base/jdk.internal.reflect.DelegatingMethodAccessorImpl.invoke(DelegatingMethodAccessorImpl.java:43)
at java.base/java.lang.reflect.Method.invoke(Method.java:567)
at org.testng.internal.MethodInvocationHelper.invokeMethod(MethodInvocationHelper.java:133)
at org.testng.internal.TestInvoker.invokeMethod(TestInvoker.java:598)
at org.testng.internal.TestInvoker.invokeTestMethod(TestInvoker.java:173)
at org.testng.internal.MethodRunner.runInSequence(MethodRunner.java:46)
at org.testng.internal.TestInvoker$MethodInvocationAgent.invoke(TestInvoker.java:824)
at org.testng.internal.TestInvoker.invokeTestMethods(TestInvoker.java:146)
at org.testng.internal.TestMethodWorker.invokeTestMethods(TestMethodWorker.java:146)
at org.testng.internal.TestMethodWorker.run(TestMethodWorker.java:128)
at java.base/java.util.ArrayList.forEach(ArrayList.java:1511)
at org.testng.TestRunner.privateRun(TestRunner.java:794)
at org.testng.TestRunner.run(TestRunner.java:596)
at org.testng.SuiteRunner.runTest(SuiteRunner.java:377)
at org.testng.SuiteRunner.runSequentially(SuiteRunner.java:371)
at org.testng.SuiteRunner.privateRun(SuiteRunner.java:332)
at org.testng.SuiteRunner.run(SuiteRunner.java:276)
at org.testng.SuiteRunnerWorker.runSuite(SuiteRunnerWorker.java:53)
at org.testng.SuiteRunnerWorker.run(SuiteRunnerWorker.java:96)
at org.testng.TestNG.runSuitesSequentially(TestNG.java:1212)
at org.testng.TestNG.runSuitesLocally(TestNG.java:1134)
at org.testng.TestNG.runSuites(TestNG.java:1063)
at org.testng.TestNG.run(TestNG.java:1031)
at org.testng.remote.AbstractRemoteTestNG.run(AbstractRemoteTestNG.java:115)
at org.testng.remote.RemoteTestNG.initAndRun(RemoteTestNG.java:251)
at org.testng.remote.RemoteTestNG.main(RemoteTestNG.java:77)
]]>
    </error>
  </testcase> <!-- installapp -->
  <system-out/>
</testsuite> <!-- driverMethods.InstallGeneralStoreApp -->
