<?xml version="1.0" encoding="UTF-8"?>
<!-- Generated by org.testng.reporters.JUnitReportReporter -->
<testsuite hostname="LAPTOP-3UV6SH1O" failures="0" tests="1" name="driverMethods.SwitchingFromNativeToWeb" time="46.680" errors="1" timestamp="2022-11-24T12:16:14 IST" skipped="0">
  <testcase classname="driverMethods.SwitchingFromNativeToWeb" name="switchToWeb" time="46.680">
    <error message="invalid selector: Unable to locate an element with the xpath expression //input[@name=&#039;q] because of the following error:
SyntaxError: Failed to execute &#039;evaluate&#039; on &#039;Document&#039;: The string &#039;//input[@name=&#039;q]&#039; is not a valid XPath expression.
  (Session info: chrome=107.0.5304.105) (WARNING: The server did not provide any stacktrace information)
Command duration or timeout: 165 milliseconds
For documentation on this error, please visit: http://seleniumhq.org/exceptions/invalid_selector_exception.html
Build info: version: &#039;2.53.1&#039;, revision: &#039;a36b8b1cd5757287168e54b817830adce9b0158d&#039;, time: &#039;2016-06-30 19:26:09&#039;
System info: host: &#039;LAPTOP-3UV6SH1O&#039;, ip: &#039;192.168.63.1&#039;, os.name: &#039;Windows 10&#039;, os.arch: &#039;amd64&#039;, os.version: &#039;10.0&#039;, java.version: &#039;16.0.1&#039;
Driver info: io.appium.java_client.android.AndroidDriver
Capabilities [{appPackage=com.androidsample.generalstore, statBarHeight=50, noReset=true, viewportRect={top=50, left=0, width=720, height=1230}, deviceName=89d3da547d04, platform=LINUX, deviceUDID=89d3da547d04, desired={appPackage=com.androidsample.generalstore, appActivity=.SplashActivity, noReset=true, platformVersion=7.1.2, automationName=Appium, platformName=Android, udid=89d3da547d04, deviceName=Redmi 4a}, platformVersion=7.1.2, webStorageEnabled=false, automationName=Appium, takesScreenshot=true, javascriptEnabled=true, platformName=Android, udid=89d3da547d04, deviceApiLevel=25, deviceManufacturer=Xiaomi, deviceScreenSize=720x1280, networkConnectionEnabled=true, warnings={}, databaseEnabled=false, appActivity=.SplashActivity, pixelRatio=2, locationContextEnabled=false, deviceScreenDensity=320, deviceModel=Redmi 4A}]
Session ID: eba852a0-7aa6-4183-b4e6-a4aa0080646c
*** Element info: {Using=xpath, value=//input[@name=&#039;q]}" type="org.openqa.selenium.InvalidSelectorException">
      <![CDATA[org.openqa.selenium.InvalidSelectorException: invalid selector: Unable to locate an element with the xpath expression //input[@name='q] because of the following error:
SyntaxError: Failed to execute 'evaluate' on 'Document': The string '//input[@name='q]' is not a valid XPath expression.
  (Session info: chrome=107.0.5304.105) (WARNING: The server did not provide any stacktrace information)
Command duration or timeout: 165 milliseconds
For documentation on this error, please visit: http://seleniumhq.org/exceptions/invalid_selector_exception.html
Build info: version: '2.53.1', revision: 'a36b8b1cd5757287168e54b817830adce9b0158d', time: '2016-06-30 19:26:09'
System info: host: 'LAPTOP-3UV6SH1O', ip: '192.168.63.1', os.name: 'Windows 10', os.arch: 'amd64', os.version: '10.0', java.version: '16.0.1'
Driver info: io.appium.java_client.android.AndroidDriver
Capabilities [{appPackage=com.androidsample.generalstore, statBarHeight=50, noReset=true, viewportRect={top=50, left=0, width=720, height=1230}, deviceName=89d3da547d04, platform=LINUX, deviceUDID=89d3da547d04, desired={appPackage=com.androidsample.generalstore, appActivity=.SplashActivity, noReset=true, platformVersion=7.1.2, automationName=Appium, platformName=Android, udid=89d3da547d04, deviceName=Redmi 4a}, platformVersion=7.1.2, webStorageEnabled=false, automationName=Appium, takesScreenshot=true, javascriptEnabled=true, platformName=Android, udid=89d3da547d04, deviceApiLevel=25, deviceManufacturer=Xiaomi, deviceScreenSize=720x1280, networkConnectionEnabled=true, warnings={}, databaseEnabled=false, appActivity=.SplashActivity, pixelRatio=2, locationContextEnabled=false, deviceScreenDensity=320, deviceModel=Redmi 4A}]
Session ID: eba852a0-7aa6-4183-b4e6-a4aa0080646c
*** Element info: {Using=xpath, value=//input[@name='q]}
at java.base/jdk.internal.reflect.NativeConstructorAccessorImpl.newInstance0(Native Method)
at java.base/jdk.internal.reflect.NativeConstructorAccessorImpl.newInstance(NativeConstructorAccessorImpl.java:78)
at java.base/jdk.internal.reflect.DelegatingConstructorAccessorImpl.newInstance(DelegatingConstructorAccessorImpl.java:45)
at java.base/java.lang.reflect.Constructor.newInstanceWithCaller(Constructor.java:499)
at java.base/java.lang.reflect.Constructor.newInstance(Constructor.java:480)
at org.openqa.selenium.remote.ErrorHandler.createThrowable(ErrorHandler.java:206)
at org.openqa.selenium.remote.ErrorHandler.throwIfResponseFailed(ErrorHandler.java:158)
at org.openqa.selenium.remote.RemoteWebDriver.execute(RemoteWebDriver.java:678)
at io.appium.java_client.DefaultGenericMobileDriver.execute(DefaultGenericMobileDriver.java:40)
at io.appium.java_client.AppiumDriver.execute(AppiumDriver.java:1)
at io.appium.java_client.android.AndroidDriver.execute(AndroidDriver.java:1)
at org.openqa.selenium.remote.RemoteWebDriver.findElement(RemoteWebDriver.java:363)
at io.appium.java_client.DefaultGenericMobileDriver.findElement(DefaultGenericMobileDriver.java:56)
at io.appium.java_client.AppiumDriver.findElement(AppiumDriver.java:1)
at io.appium.java_client.android.AndroidDriver.findElement(AndroidDriver.java:1)
at org.openqa.selenium.remote.RemoteWebDriver.findElementByXPath(RemoteWebDriver.java:500)
at io.appium.java_client.DefaultGenericMobileDriver.findElementByXPath(DefaultGenericMobileDriver.java:134)
at io.appium.java_client.AppiumDriver.findElementByXPath(AppiumDriver.java:1)
at io.appium.java_client.android.AndroidDriver.findElementByXPath(AndroidDriver.java:1)
at driverMethods.SwitchingFromNativeToWeb.switchToWeb(SwitchingFromNativeToWeb.java:51)
at java.base/jdk.internal.reflect.NativeMethodAccessorImpl.invoke0(Native Method)
at java.base/jdk.internal.reflect.NativeMethodAccessorImpl.invoke(NativeMethodAccessorImpl.java:78)
at java.base/jdk.internal.reflect.DelegatingMethodAccessorImpl.invoke(DelegatingMethodAccessorImpl.java:43)
at java.base/java.lang.reflect.Method.invoke(Method.java:567)
at org.testng.internal.MethodInvocationHelper.invokeMethod(MethodInvocationHelper.java:133)
at org.testng.internal.TestInvoker.invokeMethod(TestInvoker.java:598)
at org.testng.internal.TestInvoker.invokeTestMethod(TestInvoker.java:173)
at org.testng.internal.MethodRunner.runInSequence(MethodRunner.java:46)
at org.testng.internal.TestInvoker$MethodInvocationAgent.invoke(TestInvoker.java:824)
at org.testng.internal.TestInvoker.invokeTestMethods(TestInvoker.java:146)
at org.testng.internal.TestMethodWorker.invokeTestMethods(TestMethodWorker.java:146)
at org.testng.internal.TestMethodWorker.run(TestMethodWorker.java:128)
at java.base/java.util.ArrayList.forEach(ArrayList.java:1511)
at org.testng.TestRunner.privateRun(TestRunner.java:794)
at org.testng.TestRunner.run(TestRunner.java:596)
at org.testng.SuiteRunner.runTest(SuiteRunner.java:377)
at org.testng.SuiteRunner.runSequentially(SuiteRunner.java:371)
at org.testng.SuiteRunner.privateRun(SuiteRunner.java:332)
at org.testng.SuiteRunner.run(SuiteRunner.java:276)
at org.testng.SuiteRunnerWorker.runSuite(SuiteRunnerWorker.java:53)
at org.testng.SuiteRunnerWorker.run(SuiteRunnerWorker.java:96)
at org.testng.TestNG.runSuitesSequentially(TestNG.java:1212)
at org.testng.TestNG.runSuitesLocally(TestNG.java:1134)
at org.testng.TestNG.runSuites(TestNG.java:1063)
at org.testng.TestNG.run(TestNG.java:1031)
at org.testng.remote.AbstractRemoteTestNG.run(AbstractRemoteTestNG.java:115)
at org.testng.remote.RemoteTestNG.initAndRun(RemoteTestNG.java:251)
at org.testng.remote.RemoteTestNG.main(RemoteTestNG.java:77)
]]>
    </error>
  </testcase> <!-- switchToWeb -->
  <system-out/>
</testsuite> <!-- driverMethods.SwitchingFromNativeToWeb -->
