<?xml version="1.0" encoding="UTF-8"?>
<!-- Generated by org.testng.reporters.JUnitReportReporter -->
<testsuite hostname="LAPTOP-3UV6SH1O" failures="0" tests="2" name="driverMethods.ParallelExecution" time="40.032" errors="0" timestamp="2022-11-24T15:01:28 IST" skipped="0">
  <testcase classname="driverMethods.ParallelExecution" name="api" time="22.655"/>
  <system-out/>
  <testcase classname="driverMethods.ParallelExecution" name="api" time="17.377"/>
  <system-out/>
</testsuite> <!-- driverMethods.ParallelExecution -->
